nov 19, 2023 10:50:09 A. M. java.awt.Container mixOnHiding
DETALLADO: this = javax.swing.JPanel[null.glassPane,0,0,0x0,invalid,hidden,layout=java.awt.FlowLayout,alignmentX=0.0,alignmentY=0.0,border=,flags=9,maximumSize=,minimumSize=,preferredSize=]; isLightweight=false
nov 19, 2023 10:50:09 A. M. java.awt.Component mixOnHiding
DETALLADO: this = javax.swing.JPanel[null.glassPane,0,0,0x0,invalid,hidden,layout=java.awt.FlowLayout,alignmentX=0.0,alignmentY=0.0,border=,flags=9,maximumSize=,minimumSize=,preferredSize=]; isLightweight = false
nov 19, 2023 10:50:09 A. M. java.awt.Component isMixingNeeded
DETALLADO: this = javax.swing.JPanel[null.glassPane,0,0,0x0,invalid,hidden,layout=java.awt.FlowLayout,alignmentX=0.0,alignmentY=0.0,border=,flags=9,maximumSize=,minimumSize=,preferredSize=]; containing window is null
nov 19, 2023 10:50:09 A. M. java.awt.Component isMixingNeeded
DETALLADO: this = javax.swing.JPanel[null.glassPane,0,0,0x0,invalid,hidden,layout=java.awt.FlowLayout,alignmentX=0.0,alignmentY=0.0,border=,flags=16777217,maximumSize=,minimumSize=,preferredSize=]; containing window is null
nov 19, 2023 10:50:09 A. M. java.awt.Container mixOnHiding
DETALLADO: this = javax.swing.CellRendererPane[,0,0,0x0,invalid,hidden]; isLightweight=false
nov 19, 2023 10:50:09 A. M. java.awt.Component mixOnHiding
DETALLADO: this = javax.swing.CellRendererPane[,0,0,0x0,invalid,hidden]; isLightweight = false
nov 19, 2023 10:50:09 A. M. java.awt.Component isMixingNeeded
DETALLADO: this = javax.swing.CellRendererPane[,0,0,0x0,invalid,hidden]; containing window is null
nov 19, 2023 10:50:09 A. M. java.awt.Container mixOnHiding
DETALLADO: this = javax.swing.JPanel[null.glassPane,0,0,0x0,invalid,hidden,layout=java.awt.FlowLayout,alignmentX=0.0,alignmentY=0.0,border=,flags=9,maximumSize=,minimumSize=,preferredSize=]; isLightweight=false
nov 19, 2023 10:50:09 A. M. java.awt.Component mixOnHiding
DETALLADO: this = javax.swing.JPanel[null.glassPane,0,0,0x0,invalid,hidden,layout=java.awt.FlowLayout,alignmentX=0.0,alignmentY=0.0,border=,flags=9,maximumSize=,minimumSize=,preferredSize=]; isLightweight = false
nov 19, 2023 10:50:09 A. M. java.awt.Component isMixingNeeded
DETALLADO: this = javax.swing.JPanel[null.glassPane,0,0,0x0,invalid,hidden,layout=java.awt.FlowLayout,alignmentX=0.0,alignmentY=0.0,border=,flags=9,maximumSize=,minimumSize=,preferredSize=]; containing window is null
nov 19, 2023 10:50:09 A. M. java.awt.Component isMixingNeeded
DETALLADO: this = javax.swing.JPanel[null.glassPane,0,0,0x0,invalid,hidden,layout=java.awt.FlowLayout,alignmentX=0.0,alignmentY=0.0,border=,flags=16777217,maximumSize=,minimumSize=,preferredSize=]; containing window is null
nov 19, 2023 10:50:09 A. M. java.awt.Container mixOnHiding
DETALLADO: this = javax.swing.JPanel[null.glassPane,0,0,0x0,invalid,hidden,layout=java.awt.FlowLayout,alignmentX=0.0,alignmentY=0.0,border=,flags=9,maximumSize=,minimumSize=,preferredSize=]; isLightweight=false
nov 19, 2023 10:50:09 A. M. java.awt.Component mixOnHiding
DETALLADO: this = javax.swing.JPanel[null.glassPane,0,0,0x0,invalid,hidden,layout=java.awt.FlowLayout,alignmentX=0.0,alignmentY=0.0,border=,flags=9,maximumSize=,minimumSize=,preferredSize=]; isLightweight = false
nov 19, 2023 10:50:09 A. M. java.awt.Component isMixingNeeded
DETALLADO: this = javax.swing.JPanel[null.glassPane,0,0,0x0,invalid,hidden,layout=java.awt.FlowLayout,alignmentX=0.0,alignmentY=0.0,border=,flags=9,maximumSize=,minimumSize=,preferredSize=]; containing window is null
nov 19, 2023 10:50:09 A. M. java.awt.Component isMixingNeeded
DETALLADO: this = javax.swing.JPanel[null.glassPane,0,0,0x0,invalid,hidden,layout=java.awt.FlowLayout,alignmentX=0.0,alignmentY=0.0,border=,flags=16777217,maximumSize=,minimumSize=,preferredSize=]; containing window is null
nov 19, 2023 10:50:10 A. M. java.awt.Container mixOnHiding
DETALLADO: this = javax.swing.JPanel[null.glassPane,0,0,0x0,invalid,hidden,layout=java.awt.FlowLayout,alignmentX=0.0,alignmentY=0.0,border=,flags=9,maximumSize=,minimumSize=,preferredSize=]; isLightweight=false
nov 19, 2023 10:50:10 A. M. java.awt.Component mixOnHiding
DETALLADO: this = javax.swing.JPanel[null.glassPane,0,0,0x0,invalid,hidden,layout=java.awt.FlowLayout,alignmentX=0.0,alignmentY=0.0,border=,flags=9,maximumSize=,minimumSize=,preferredSize=]; isLightweight = false
nov 19, 2023 10:50:10 A. M. java.awt.Component isMixingNeeded
DETALLADO: this = javax.swing.JPanel[null.glassPane,0,0,0x0,invalid,hidden,layout=java.awt.FlowLayout,alignmentX=0.0,alignmentY=0.0,border=,flags=9,maximumSize=,minimumSize=,preferredSize=]; containing window is null
nov 19, 2023 10:50:10 A. M. java.awt.Component isMixingNeeded
DETALLADO: this = javax.swing.JPanel[null.glassPane,0,0,0x0,invalid,hidden,layout=java.awt.FlowLayout,alignmentX=0.0,alignmentY=0.0,border=,flags=16777217,maximumSize=,minimumSize=,preferredSize=]; containing window is null
nov 19, 2023 10:50:10 A. M. java.awt.Container mixOnHiding
DETALLADO: this = javax.swing.CellRendererPane[,0,0,0x0,invalid,hidden]; isLightweight=false
nov 19, 2023 10:50:10 A. M. java.awt.Component mixOnHiding
DETALLADO: this = javax.swing.CellRendererPane[,0,0,0x0,invalid,hidden]; isLightweight = false
nov 19, 2023 10:50:10 A. M. java.awt.Component isMixingNeeded
DETALLADO: this = javax.swing.CellRendererPane[,0,0,0x0,invalid,hidden]; containing window is null
nov 19, 2023 10:50:10 A. M. java.awt.Container mixOnHiding
DETALLADO: this = javax.swing.CellRendererPane[,0,0,0x0,invalid,hidden]; isLightweight=false
nov 19, 2023 10:50:10 A. M. java.awt.Component mixOnHiding
DETALLADO: this = javax.swing.CellRendererPane[,0,0,0x0,invalid,hidden]; isLightweight = false
nov 19, 2023 10:50:10 A. M. java.awt.Component isMixingNeeded
DETALLADO: this = javax.swing.CellRendererPane[,0,0,0x0,invalid,hidden]; containing window is null
nov 19, 2023 10:50:10 A. M. java.awt.Container mixOnHiding
DETALLADO: this = javax.swing.CellRendererPane[,0,0,0x0,invalid,hidden]; isLightweight=false
nov 19, 2023 10:50:10 A. M. java.awt.Component mixOnHiding
DETALLADO: this = javax.swing.CellRendererPane[,0,0,0x0,invalid,hidden]; isLightweight = false
nov 19, 2023 10:50:10 A. M. java.awt.Component isMixingNeeded
DETALLADO: this = javax.swing.CellRendererPane[,0,0,0x0,invalid,hidden]; containing window is null
nov 19, 2023 10:50:10 A. M. java.awt.Container mixOnHiding
DETALLADO: this = javax.swing.JPanel[null.glassPane,0,0,0x0,invalid,hidden,layout=java.awt.FlowLayout,alignmentX=0.0,alignmentY=0.0,border=,flags=9,maximumSize=,minimumSize=,preferredSize=]; isLightweight=false
nov 19, 2023 10:50:10 A. M. java.awt.Component mixOnHiding
DETALLADO: this = javax.swing.JPanel[null.glassPane,0,0,0x0,invalid,hidden,layout=java.awt.FlowLayout,alignmentX=0.0,alignmentY=0.0,border=,flags=9,maximumSize=,minimumSize=,preferredSize=]; isLightweight = false
nov 19, 2023 10:50:10 A. M. java.awt.Component isMixingNeeded
DETALLADO: this = javax.swing.JPanel[null.glassPane,0,0,0x0,invalid,hidden,layout=java.awt.FlowLayout,alignmentX=0.0,alignmentY=0.0,border=,flags=9,maximumSize=,minimumSize=,preferredSize=]; containing window is null
nov 19, 2023 10:50:10 A. M. java.awt.Component isMixingNeeded
DETALLADO: this = javax.swing.JPanel[null.glassPane,0,0,0x0,invalid,hidden,layout=java.awt.FlowLayout,alignmentX=0.0,alignmentY=0.0,border=,flags=16777217,maximumSize=,minimumSize=,preferredSize=]; containing window is null
nov 19, 2023 10:50:10 A. M. java.awt.Container mixOnHiding
DETALLADO: this = javax.swing.CellRendererPane[,0,0,0x0,invalid,hidden]; isLightweight=false
nov 19, 2023 10:50:10 A. M. java.awt.Component mixOnHiding
DETALLADO: this = javax.swing.CellRendererPane[,0,0,0x0,invalid,hidden]; isLightweight = false
nov 19, 2023 10:50:10 A. M. java.awt.Component isMixingNeeded
DETALLADO: this = javax.swing.CellRendererPane[,0,0,0x0,invalid,hidden]; containing window is null
nov 19, 2023 10:50:10 A. M. java.awt.Container mixOnHiding
DETALLADO: this = javax.swing.CellRendererPane[,0,0,0x0,invalid,hidden]; isLightweight=false
nov 19, 2023 10:50:10 A. M. java.awt.Component mixOnHiding
DETALLADO: this = javax.swing.CellRendererPane[,0,0,0x0,invalid,hidden]; isLightweight = false
nov 19, 2023 10:50:10 A. M. java.awt.Component isMixingNeeded
DETALLADO: this = javax.swing.CellRendererPane[,0,0,0x0,invalid,hidden]; containing window is null
nov 19, 2023 10:50:10 A. M. java.awt.Container mixOnHiding
DETALLADO: this = javax.swing.CellRendererPane[,0,0,0x0,invalid,hidden]; isLightweight=false
nov 19, 2023 10:50:10 A. M. java.awt.Component mixOnHiding
DETALLADO: this = javax.swing.CellRendererPane[,0,0,0x0,invalid,hidden]; isLightweight = false
nov 19, 2023 10:50:10 A. M. java.awt.Component isMixingNeeded
DETALLADO: this = javax.swing.CellRendererPane[,0,0,0x0,invalid,hidden]; containing window is null
nov 19, 2023 10:50:10 A. M. java.awt.Container mixOnReshaping
DETALLADO: this = javax.swing.JTextField[,550,75,280x35,invalid,layout=javax.swing.plaf.basic.BasicTextUI$UpdateHandler,alignmentX=0.0,alignmentY=0.0,border=javax.swing.plaf.BorderUIResource$CompoundBorderUIResource@34a80e81,flags=296,maximumSize=,minimumSize=,preferredSize=,caretColor=sun.swing.PrintColorUIResource[r=51,g=51,b=51],disabledTextColor=javax.swing.plaf.ColorUIResource[r=184,g=207,b=229],editable=true,margin=javax.swing.plaf.InsetsUIResource[top=0,left=0,bottom=0,right=0],selectedTextColor=sun.swing.PrintColorUIResource[r=51,g=51,b=51],selectionColor=javax.swing.plaf.ColorUIResource[r=184,g=207,b=229],columns=20,columnWidth=0,command=,horizontalAlignment=LEADING]
nov 19, 2023 10:50:10 A. M. java.awt.Component isMixingNeeded
DETALLADO: this = javax.swing.JTextField[,550,75,280x35,invalid,layout=javax.swing.plaf.basic.BasicTextUI$UpdateHandler,alignmentX=0.0,alignmentY=0.0,border=javax.swing.plaf.BorderUIResource$CompoundBorderUIResource@34a80e81,flags=296,maximumSize=,minimumSize=,preferredSize=,caretColor=sun.swing.PrintColorUIResource[r=51,g=51,b=51],disabledTextColor=javax.swing.plaf.ColorUIResource[r=184,g=207,b=229],editable=true,margin=javax.swing.plaf.InsetsUIResource[top=0,left=0,bottom=0,right=0],selectedTextColor=sun.swing.PrintColorUIResource[r=51,g=51,b=51],selectionColor=javax.swing.plaf.ColorUIResource[r=184,g=207,b=229],columns=20,columnWidth=0,command=,horizontalAlignment=LEADING]; containing window is null
nov 19, 2023 10:50:10 A. M. java.awt.Container mixOnReshaping
DETALLADO: this = javax.swing.JButton[,1060,6,45x45,invalid,alignmentX=0.0,alignmentY=0.5,border=javax.swing.plaf.BorderUIResource$CompoundBorderUIResource@180f9ef5,flags=296,maximumSize=,minimumSize=,preferredSize=,defaultIcon=javax.swing.ImageIcon@31489406,disabledIcon=,disabledSelectedIcon=,margin=javax.swing.plaf.InsetsUIResource[top=2,left=14,bottom=2,right=14],paintBorder=true,paintFocus=true,pressedIcon=,rolloverEnabled=true,rolloverIcon=,rolloverSelectedIcon=,selectedIcon=,text=,defaultCapable=true]
nov 19, 2023 10:50:10 A. M. java.awt.Component isMixingNeeded
DETALLADO: this = javax.swing.JButton[,1060,6,45x45,invalid,alignmentX=0.0,alignmentY=0.5,border=javax.swing.plaf.BorderUIResource$CompoundBorderUIResource@180f9ef5,flags=296,maximumSize=,minimumSize=,preferredSize=,defaultIcon=javax.swing.ImageIcon@31489406,disabledIcon=,disabledSelectedIcon=,margin=javax.swing.plaf.InsetsUIResource[top=2,left=14,bottom=2,right=14],paintBorder=true,paintFocus=true,pressedIcon=,rolloverEnabled=true,rolloverIcon=,rolloverSelectedIcon=,selectedIcon=,text=,defaultCapable=true]; containing window is null
nov 19, 2023 10:50:10 A. M. java.awt.Container mixOnReshaping
DETALLADO: this = javax.swing.JButton[,1120,6,45x45,invalid,alignmentX=0.0,alignmentY=0.5,border=javax.swing.plaf.BorderUIResource$CompoundBorderUIResource@180f9ef5,flags=296,maximumSize=,minimumSize=,preferredSize=,defaultIcon=javax.swing.ImageIcon@2ca48b5a,disabledIcon=,disabledSelectedIcon=,margin=javax.swing.plaf.InsetsUIResource[top=2,left=14,bottom=2,right=14],paintBorder=true,paintFocus=true,pressedIcon=,rolloverEnabled=true,rolloverIcon=,rolloverSelectedIcon=,selectedIcon=,text=,defaultCapable=true]
nov 19, 2023 10:50:10 A. M. java.awt.Component isMixingNeeded
DETALLADO: this = javax.swing.JButton[,1120,6,45x45,invalid,alignmentX=0.0,alignmentY=0.5,border=javax.swing.plaf.BorderUIResource$CompoundBorderUIResource@180f9ef5,flags=296,maximumSize=,minimumSize=,preferredSize=,defaultIcon=javax.swing.ImageIcon@2ca48b5a,disabledIcon=,disabledSelectedIcon=,margin=javax.swing.plaf.InsetsUIResource[top=2,left=14,bottom=2,right=14],paintBorder=true,paintFocus=true,pressedIcon=,rolloverEnabled=true,rolloverIcon=,rolloverSelectedIcon=,selectedIcon=,text=,defaultCapable=true]; containing window is null
nov 19, 2023 10:50:10 A. M. java.awt.Container mixOnReshaping
DETALLADO: this = javax.swing.JButton[,1050,60,125x60,invalid,alignmentX=0.0,alignmentY=0.5,border=javax.swing.plaf.BorderUIResource$CompoundBorderUIResource@180f9ef5,flags=296,maximumSize=,minimumSize=,preferredSize=,defaultIcon=javax.swing.ImageIcon@43f2c34e,disabledIcon=,disabledSelectedIcon=,margin=javax.swing.plaf.InsetsUIResource[top=2,left=14,bottom=2,right=14],paintBorder=true,paintFocus=true,pressedIcon=,rolloverEnabled=true,rolloverIcon=,rolloverSelectedIcon=,selectedIcon=,text=,defaultCapable=true]
nov 19, 2023 10:50:10 A. M. java.awt.Component isMixingNeeded
DETALLADO: this = javax.swing.JButton[,1050,60,125x60,invalid,alignmentX=0.0,alignmentY=0.5,border=javax.swing.plaf.BorderUIResource$CompoundBorderUIResource@180f9ef5,flags=296,maximumSize=,minimumSize=,preferredSize=,defaultIcon=javax.swing.ImageIcon@43f2c34e,disabledIcon=,disabledSelectedIcon=,margin=javax.swing.plaf.InsetsUIResource[top=2,left=14,bottom=2,right=14],paintBorder=true,paintFocus=true,pressedIcon=,rolloverEnabled=true,rolloverIcon=,rolloverSelectedIcon=,selectedIcon=,text=,defaultCapable=true]; containing window is null
nov 19, 2023 10:50:10 A. M. java.awt.Container mixOnReshaping
DETALLADO: this = javax.swing.JLabel[,20,10,404x114,invalid,alignmentX=0.0,alignmentY=0.0,border=,flags=8388608,maximumSize=,minimumSize=,preferredSize=,defaultIcon=javax.swing.ImageIcon@419e90cd,disabledIcon=,horizontalAlignment=LEADING,horizontalTextPosition=TRAILING,iconTextGap=4,labelFor=,text=,verticalAlignment=CENTER,verticalTextPosition=CENTER]
nov 19, 2023 10:50:10 A. M. java.awt.Component isMixingNeeded
DETALLADO: this = javax.swing.JLabel[,20,10,404x114,invalid,alignmentX=0.0,alignmentY=0.0,border=,flags=8388608,maximumSize=,minimumSize=,preferredSize=,defaultIcon=javax.swing.ImageIcon@419e90cd,disabledIcon=,horizontalAlignment=LEADING,horizontalTextPosition=TRAILING,iconTextGap=4,labelFor=,text=,verticalAlignment=CENTER,verticalTextPosition=CENTER]; containing window is null
nov 19, 2023 10:50:10 A. M. gui.VentanaPrincipal <init>
INFORMACIÓN: Programa finalizado
nov 19, 2023 10:50:10 A. M. java.awt.Container mixOnShowing
DETALLADO: this = gui.VentanaPrincipal[frame5,150,40,1200x730,invalid,hidden,layout=java.awt.BorderLayout,title=GAO Market,resizable,normal,defaultCloseOperation=DISPOSE_ON_CLOSE,rootPane=javax.swing.JRootPane[,0,0,0x0,invalid,layout=javax.swing.JRootPane$RootLayout,alignmentX=0.0,alignmentY=0.0,border=,flags=16777673,maximumSize=,minimumSize=,preferredSize=],rootPaneCheckingEnabled=true]
nov 19, 2023 10:50:10 A. M. java.awt.Component isMixingNeeded
DETALLADO: containing window = gui.VentanaPrincipal[frame5,150,40,1200x730,invalid,hidden,layout=java.awt.BorderLayout,title=GAO Market,resizable,normal,defaultCloseOperation=DISPOSE_ON_CLOSE,rootPane=javax.swing.JRootPane[,0,0,0x0,invalid,layout=javax.swing.JRootPane$RootLayout,alignmentX=0.0,alignmentY=0.0,border=,flags=16777673,maximumSize=,minimumSize=,preferredSize=],rootPaneCheckingEnabled=true]; has h/w descendants = false; has l/w descendants = false; disposing = false
nov 19, 2023 10:50:10 A. M. java.awt.Container mixOnShowing
DETALLADO: this = javax.swing.JRootPane[,0,0,0x0,invalid,layout=javax.swing.JRootPane$RootLayout,alignmentX=0.0,alignmentY=0.0,border=,flags=16777673,maximumSize=,minimumSize=,preferredSize=]
nov 19, 2023 10:50:10 A. M. java.awt.Component isMixingNeeded
DETALLADO: this = javax.swing.JRootPane[,0,0,0x0,invalid,layout=javax.swing.JRootPane$RootLayout,alignmentX=0.0,alignmentY=0.0,border=,flags=16777673,maximumSize=,minimumSize=,preferredSize=]; areBoundsValid = false
nov 19, 2023 10:50:10 A. M. java.awt.Container mixOnShowing
DETALLADO: this = javax.swing.JPanel[null.glassPane,0,0,0x0,invalid,hidden,layout=java.awt.FlowLayout,alignmentX=0.0,alignmentY=0.0,border=,flags=16777217,maximumSize=,minimumSize=,preferredSize=]
nov 19, 2023 10:50:10 A. M. java.awt.Component isMixingNeeded
DETALLADO: this = javax.swing.JPanel[null.glassPane,0,0,0x0,invalid,hidden,layout=java.awt.FlowLayout,alignmentX=0.0,alignmentY=0.0,border=,flags=16777217,maximumSize=,minimumSize=,preferredSize=]; areBoundsValid = false
nov 19, 2023 10:50:10 A. M. java.awt.Container mixOnShowing
DETALLADO: this = javax.swing.JLayeredPane[null.layeredPane,0,0,0x0,invalid,alignmentX=0.0,alignmentY=0.0,border=,flags=0,maximumSize=,minimumSize=,preferredSize=,optimizedDrawingPossible=true]
nov 19, 2023 10:50:10 A. M. java.awt.Component isMixingNeeded
DETALLADO: this = javax.swing.JLayeredPane[null.layeredPane,0,0,0x0,invalid,alignmentX=0.0,alignmentY=0.0,border=,flags=0,maximumSize=,minimumSize=,preferredSize=,optimizedDrawingPossible=true]; areBoundsValid = false
nov 19, 2023 10:50:10 A. M. java.awt.Container mixOnShowing
DETALLADO: this = javax.swing.JPanel[null.contentPane,0,0,0x0,invalid,layout=javax.swing.JRootPane$1,alignmentX=0.0,alignmentY=0.0,border=,flags=9,maximumSize=,minimumSize=,preferredSize=]
nov 19, 2023 10:50:10 A. M. java.awt.Component isMixingNeeded
DETALLADO: containing window = gui.VentanaPrincipal[frame5,150,40,1200x730,invalid,hidden,layout=java.awt.BorderLayout,title=GAO Market,resizable,normal,defaultCloseOperation=DISPOSE_ON_CLOSE,rootPane=javax.swing.JRootPane[,0,0,0x0,invalid,layout=javax.swing.JRootPane$RootLayout,alignmentX=0.0,alignmentY=0.0,border=,flags=16777673,maximumSize=,minimumSize=,preferredSize=],rootPaneCheckingEnabled=true]; has h/w descendants = false; has l/w descendants = true; disposing = false
nov 19, 2023 10:50:10 A. M. java.awt.Container mixOnShowing
DETALLADO: this = javax.swing.JLayeredPane[,0,0,0x0,invalid,alignmentX=0.0,alignmentY=0.0,border=,flags=0,maximumSize=,minimumSize=,preferredSize=java.awt.Dimension[width=1200,height=130],optimizedDrawingPossible=true]
nov 19, 2023 10:50:10 A. M. java.awt.Component isMixingNeeded
DETALLADO: this = javax.swing.JLayeredPane[,0,0,0x0,invalid,alignmentX=0.0,alignmentY=0.0,border=,flags=0,maximumSize=,minimumSize=,preferredSize=java.awt.Dimension[width=1200,height=130],optimizedDrawingPossible=true]; areBoundsValid = false
nov 19, 2023 10:50:10 A. M. java.awt.Container mixOnShowing
DETALLADO: this = javax.swing.JTextField[,550,75,280x35,invalid,layout=javax.swing.plaf.basic.BasicTextUI$UpdateHandler,alignmentX=0.0,alignmentY=0.0,border=javax.swing.plaf.BorderUIResource$CompoundBorderUIResource@34a80e81,flags=296,maximumSize=,minimumSize=,preferredSize=,caretColor=sun.swing.PrintColorUIResource[r=51,g=51,b=51],disabledTextColor=javax.swing.plaf.ColorUIResource[r=184,g=207,b=229],editable=true,margin=javax.swing.plaf.InsetsUIResource[top=0,left=0,bottom=0,right=0],selectedTextColor=sun.swing.PrintColorUIResource[r=51,g=51,b=51],selectionColor=javax.swing.plaf.ColorUIResource[r=184,g=207,b=229],columns=20,columnWidth=0,command=,horizontalAlignment=LEADING]
nov 19, 2023 10:50:10 A. M. java.awt.Component isMixingNeeded
DETALLADO: containing window = gui.VentanaPrincipal[frame5,150,40,1200x730,invalid,hidden,layout=java.awt.BorderLayout,title=GAO Market,resizable,normal,defaultCloseOperation=DISPOSE_ON_CLOSE,rootPane=javax.swing.JRootPane[,0,0,0x0,invalid,layout=javax.swing.JRootPane$RootLayout,alignmentX=0.0,alignmentY=0.0,border=,flags=16777673,maximumSize=,minimumSize=,preferredSize=],rootPaneCheckingEnabled=true]; has h/w descendants = false; has l/w descendants = true; disposing = false
nov 19, 2023 10:50:10 A. M. java.awt.Container mixOnShowing
DETALLADO: this = javax.swing.JButton[,1060,6,45x45,invalid,alignmentX=0.0,alignmentY=0.5,border=javax.swing.plaf.BorderUIResource$CompoundBorderUIResource@180f9ef5,flags=296,maximumSize=,minimumSize=,preferredSize=,defaultIcon=javax.swing.ImageIcon@31489406,disabledIcon=,disabledSelectedIcon=,margin=javax.swing.plaf.InsetsUIResource[top=2,left=14,bottom=2,right=14],paintBorder=true,paintFocus=true,pressedIcon=,rolloverEnabled=true,rolloverIcon=,rolloverSelectedIcon=,selectedIcon=,text=,defaultCapable=true]
nov 19, 2023 10:50:10 A. M. java.awt.Component isMixingNeeded
DETALLADO: containing window = gui.VentanaPrincipal[frame5,150,40,1200x730,invalid,hidden,layout=java.awt.BorderLayout,title=GAO Market,resizable,normal,defaultCloseOperation=DISPOSE_ON_CLOSE,rootPane=javax.swing.JRootPane[,0,0,0x0,invalid,layout=javax.swing.JRootPane$RootLayout,alignmentX=0.0,alignmentY=0.0,border=,flags=16777673,maximumSize=,minimumSize=,preferredSize=],rootPaneCheckingEnabled=true]; has h/w descendants = false; has l/w descendants = true; disposing = false
nov 19, 2023 10:50:10 A. M. java.awt.Container mixOnShowing
DETALLADO: this = javax.swing.JButton[,1120,6,45x45,invalid,alignmentX=0.0,alignmentY=0.5,border=javax.swing.plaf.BorderUIResource$CompoundBorderUIResource@180f9ef5,flags=296,maximumSize=,minimumSize=,preferredSize=,defaultIcon=javax.swing.ImageIcon@2ca48b5a,disabledIcon=,disabledSelectedIcon=,margin=javax.swing.plaf.InsetsUIResource[top=2,left=14,bottom=2,right=14],paintBorder=true,paintFocus=true,pressedIcon=,rolloverEnabled=true,rolloverIcon=,rolloverSelectedIcon=,selectedIcon=,text=,defaultCapable=true]
nov 19, 2023 10:50:10 A. M. java.awt.Component isMixingNeeded
DETALLADO: containing window = gui.VentanaPrincipal[frame5,150,40,1200x730,invalid,hidden,layout=java.awt.BorderLayout,title=GAO Market,resizable,normal,defaultCloseOperation=DISPOSE_ON_CLOSE,rootPane=javax.swing.JRootPane[,0,0,0x0,invalid,layout=javax.swing.JRootPane$RootLayout,alignmentX=0.0,alignmentY=0.0,border=,flags=16777673,maximumSize=,minimumSize=,preferredSize=],rootPaneCheckingEnabled=true]; has h/w descendants = false; has l/w descendants = true; disposing = false
nov 19, 2023 10:50:10 A. M. java.awt.Container mixOnShowing
DETALLADO: this = javax.swing.JButton[,1050,60,125x60,invalid,alignmentX=0.0,alignmentY=0.5,border=javax.swing.plaf.BorderUIResource$CompoundBorderUIResource@180f9ef5,flags=296,maximumSize=,minimumSize=,preferredSize=,defaultIcon=javax.swing.ImageIcon@43f2c34e,disabledIcon=,disabledSelectedIcon=,margin=javax.swing.plaf.InsetsUIResource[top=2,left=14,bottom=2,right=14],paintBorder=true,paintFocus=true,pressedIcon=,rolloverEnabled=true,rolloverIcon=,rolloverSelectedIcon=,selectedIcon=,text=,defaultCapable=true]
nov 19, 2023 10:50:10 A. M. java.awt.Component isMixingNeeded
DETALLADO: containing window = gui.VentanaPrincipal[frame5,150,40,1200x730,invalid,hidden,layout=java.awt.BorderLayout,title=GAO Market,resizable,normal,defaultCloseOperation=DISPOSE_ON_CLOSE,rootPane=javax.swing.JRootPane[,0,0,0x0,invalid,layout=javax.swing.JRootPane$RootLayout,alignmentX=0.0,alignmentY=0.0,border=,flags=16777673,maximumSize=,minimumSize=,preferredSize=],rootPaneCheckingEnabled=true]; has h/w descendants = false; has l/w descendants = true; disposing = false
nov 19, 2023 10:50:10 A. M. java.awt.Container mixOnShowing
DETALLADO: this = javax.swing.JLabel[,20,10,404x114,invalid,alignmentX=0.0,alignmentY=0.0,border=,flags=8388608,maximumSize=,minimumSize=,preferredSize=,defaultIcon=javax.swing.ImageIcon@419e90cd,disabledIcon=,horizontalAlignment=LEADING,horizontalTextPosition=TRAILING,iconTextGap=4,labelFor=,text=,verticalAlignment=CENTER,verticalTextPosition=CENTER]
nov 19, 2023 10:50:10 A. M. java.awt.Component isMixingNeeded
DETALLADO: containing window = gui.VentanaPrincipal[frame5,150,40,1200x730,invalid,hidden,layout=java.awt.BorderLayout,title=GAO Market,resizable,normal,defaultCloseOperation=DISPOSE_ON_CLOSE,rootPane=javax.swing.JRootPane[,0,0,0x0,invalid,layout=javax.swing.JRootPane$RootLayout,alignmentX=0.0,alignmentY=0.0,border=,flags=16777673,maximumSize=,minimumSize=,preferredSize=],rootPaneCheckingEnabled=true]; has h/w descendants = false; has l/w descendants = true; disposing = false
nov 19, 2023 10:50:10 A. M. java.awt.Container mixOnShowing
DETALLADO: this = javax.swing.JLayeredPane[,0,0,0x0,invalid,alignmentX=0.0,alignmentY=0.0,border=,flags=16777224,maximumSize=,minimumSize=,preferredSize=java.awt.Dimension[width=1200,height=600],optimizedDrawingPossible=true]
nov 19, 2023 10:50:10 A. M. java.awt.Component isMixingNeeded
DETALLADO: this = javax.swing.JLayeredPane[,0,0,0x0,invalid,alignmentX=0.0,alignmentY=0.0,border=,flags=16777224,maximumSize=,minimumSize=,preferredSize=java.awt.Dimension[width=1200,height=600],optimizedDrawingPossible=true]; areBoundsValid = false
nov 19, 2023 10:50:10 A. M. java.awt.Container mixOnReshaping
DETALLADO: this = javax.swing.JRootPane[,7,30,1186x693,invalid,layout=javax.swing.JRootPane$RootLayout,alignmentX=0.0,alignmentY=0.0,border=,flags=16777673,maximumSize=,minimumSize=,preferredSize=]
nov 19, 2023 10:50:10 A. M. java.awt.Component isMixingNeeded
DETALLADO: this = javax.swing.JRootPane[,7,30,1186x693,invalid,layout=javax.swing.JRootPane$RootLayout,alignmentX=0.0,alignmentY=0.0,border=,flags=16777673,maximumSize=,minimumSize=,preferredSize=]; areBoundsValid = false
nov 19, 2023 10:50:10 A. M. java.awt.Container mixOnReshaping
DETALLADO: this = javax.swing.JLayeredPane[null.layeredPane,0,0,1186x693,invalid,alignmentX=0.0,alignmentY=0.0,border=,flags=0,maximumSize=,minimumSize=,preferredSize=,optimizedDrawingPossible=true]
nov 19, 2023 10:50:10 A. M. java.awt.Component isMixingNeeded
DETALLADO: this = javax.swing.JLayeredPane[null.layeredPane,0,0,1186x693,invalid,alignmentX=0.0,alignmentY=0.0,border=,flags=0,maximumSize=,minimumSize=,preferredSize=,optimizedDrawingPossible=true]; areBoundsValid = false
nov 19, 2023 10:50:10 A. M. java.awt.Container mixOnReshaping
DETALLADO: this = javax.swing.JPanel[null.glassPane,0,0,1186x693,invalid,hidden,layout=java.awt.FlowLayout,alignmentX=0.0,alignmentY=0.0,border=,flags=16777217,maximumSize=,minimumSize=,preferredSize=]
nov 19, 2023 10:50:10 A. M. java.awt.Component isMixingNeeded
DETALLADO: this = javax.swing.JPanel[null.glassPane,0,0,1186x693,invalid,hidden,layout=java.awt.FlowLayout,alignmentX=0.0,alignmentY=0.0,border=,flags=16777217,maximumSize=,minimumSize=,preferredSize=]; areBoundsValid = false
nov 19, 2023 10:50:10 A. M. java.awt.Container mixOnReshaping
DETALLADO: this = javax.swing.JPanel[null.contentPane,0,0,1186x693,invalid,layout=javax.swing.JRootPane$1,alignmentX=0.0,alignmentY=0.0,border=,flags=9,maximumSize=,minimumSize=,preferredSize=]
nov 19, 2023 10:50:10 A. M. java.awt.Component isMixingNeeded
DETALLADO: containing window = gui.VentanaPrincipal[frame5,150,40,1200x730,invalid,hidden,layout=java.awt.BorderLayout,title=GAO Market,resizable,normal,defaultCloseOperation=DISPOSE_ON_CLOSE,rootPane=javax.swing.JRootPane[,7,30,1186x693,invalid,layout=javax.swing.JRootPane$RootLayout,alignmentX=0.0,alignmentY=0.0,border=,flags=16777673,maximumSize=,minimumSize=,preferredSize=],rootPaneCheckingEnabled=true]; has h/w descendants = false; has l/w descendants = true; disposing = false
nov 19, 2023 10:50:10 A. M. java.awt.Container mixOnValidating
DETALLADO: this = javax.swing.JPanel[null.glassPane,0,0,1186x693,hidden,layout=java.awt.FlowLayout,alignmentX=0.0,alignmentY=0.0,border=,flags=16777217,maximumSize=,minimumSize=,preferredSize=]
nov 19, 2023 10:50:10 A. M. java.awt.Component isMixingNeeded
DETALLADO: this = javax.swing.JPanel[null.glassPane,0,0,1186x693,hidden,layout=java.awt.FlowLayout,alignmentX=0.0,alignmentY=0.0,border=,flags=16777217,maximumSize=,minimumSize=,preferredSize=]; areBoundsValid = false
nov 19, 2023 10:50:10 A. M. java.awt.Container mixOnReshaping
DETALLADO: this = javax.swing.JLayeredPane[,0,0,1186x0,invalid,alignmentX=0.0,alignmentY=0.0,border=,flags=0,maximumSize=,minimumSize=,preferredSize=java.awt.Dimension[width=1200,height=130],optimizedDrawingPossible=true]
nov 19, 2023 10:50:10 A. M. java.awt.Component isMixingNeeded
DETALLADO: this = javax.swing.JLayeredPane[,0,0,1186x0,invalid,alignmentX=0.0,alignmentY=0.0,border=,flags=0,maximumSize=,minimumSize=,preferredSize=java.awt.Dimension[width=1200,height=130],optimizedDrawingPossible=true]; areBoundsValid = false
nov 19, 2023 10:50:10 A. M. java.awt.Container mixOnReshaping
DETALLADO: this = javax.swing.JLayeredPane[,0,0,1186x130,invalid,alignmentX=0.0,alignmentY=0.0,border=,flags=0,maximumSize=,minimumSize=,preferredSize=java.awt.Dimension[width=1200,height=130],optimizedDrawingPossible=true]
nov 19, 2023 10:50:10 A. M. java.awt.Component isMixingNeeded
DETALLADO: this = javax.swing.JLayeredPane[,0,0,1186x130,invalid,alignmentX=0.0,alignmentY=0.0,border=,flags=0,maximumSize=,minimumSize=,preferredSize=java.awt.Dimension[width=1200,height=130],optimizedDrawingPossible=true]; areBoundsValid = false
nov 19, 2023 10:50:10 A. M. java.awt.Container mixOnReshaping
DETALLADO: this = javax.swing.JLayeredPane[,0,130,1186x563,invalid,alignmentX=0.0,alignmentY=0.0,border=,flags=16777224,maximumSize=,minimumSize=,preferredSize=java.awt.Dimension[width=1200,height=600],optimizedDrawingPossible=true]
nov 19, 2023 10:50:10 A. M. java.awt.Component isMixingNeeded
DETALLADO: this = javax.swing.JLayeredPane[,0,130,1186x563,invalid,alignmentX=0.0,alignmentY=0.0,border=,flags=16777224,maximumSize=,minimumSize=,preferredSize=java.awt.Dimension[width=1200,height=600],optimizedDrawingPossible=true]; areBoundsValid = false
nov 19, 2023 10:50:10 A. M. java.awt.Container mixOnValidating
DETALLADO: this = javax.swing.JTextField[,550,75,280x35,layout=javax.swing.plaf.basic.BasicTextUI$UpdateHandler,alignmentX=0.0,alignmentY=0.0,border=javax.swing.plaf.BorderUIResource$CompoundBorderUIResource@34a80e81,flags=296,maximumSize=,minimumSize=,preferredSize=,caretColor=sun.swing.PrintColorUIResource[r=51,g=51,b=51],disabledTextColor=javax.swing.plaf.ColorUIResource[r=184,g=207,b=229],editable=true,margin=javax.swing.plaf.InsetsUIResource[top=0,left=0,bottom=0,right=0],selectedTextColor=sun.swing.PrintColorUIResource[r=51,g=51,b=51],selectionColor=javax.swing.plaf.ColorUIResource[r=184,g=207,b=229],columns=20,columnWidth=0,command=,horizontalAlignment=LEADING]
nov 19, 2023 10:50:10 A. M. java.awt.Component isMixingNeeded
DETALLADO: containing window = gui.VentanaPrincipal[frame5,150,40,1200x730,invalid,hidden,layout=java.awt.BorderLayout,title=GAO Market,resizable,normal,defaultCloseOperation=DISPOSE_ON_CLOSE,rootPane=javax.swing.JRootPane[,7,30,1186x693,invalid,layout=javax.swing.JRootPane$RootLayout,alignmentX=0.0,alignmentY=0.0,border=,flags=16777673,maximumSize=,minimumSize=,preferredSize=],rootPaneCheckingEnabled=true]; has h/w descendants = false; has l/w descendants = true; disposing = false
nov 19, 2023 10:50:10 A. M. java.awt.Container mixOnValidating
DETALLADO: this = javax.swing.JButton[,1060,6,45x45,alignmentX=0.0,alignmentY=0.5,border=javax.swing.plaf.BorderUIResource$CompoundBorderUIResource@180f9ef5,flags=296,maximumSize=,minimumSize=,preferredSize=,defaultIcon=javax.swing.ImageIcon@31489406,disabledIcon=,disabledSelectedIcon=,margin=javax.swing.plaf.InsetsUIResource[top=2,left=14,bottom=2,right=14],paintBorder=true,paintFocus=true,pressedIcon=,rolloverEnabled=true,rolloverIcon=,rolloverSelectedIcon=,selectedIcon=,text=,defaultCapable=true]
nov 19, 2023 10:50:10 A. M. java.awt.Component isMixingNeeded
DETALLADO: containing window = gui.VentanaPrincipal[frame5,150,40,1200x730,invalid,hidden,layout=java.awt.BorderLayout,title=GAO Market,resizable,normal,defaultCloseOperation=DISPOSE_ON_CLOSE,rootPane=javax.swing.JRootPane[,7,30,1186x693,invalid,layout=javax.swing.JRootPane$RootLayout,alignmentX=0.0,alignmentY=0.0,border=,flags=16777673,maximumSize=,minimumSize=,preferredSize=],rootPaneCheckingEnabled=true]; has h/w descendants = false; has l/w descendants = true; disposing = false
nov 19, 2023 10:50:10 A. M. java.awt.Container mixOnValidating
DETALLADO: this = javax.swing.JButton[,1120,6,45x45,alignmentX=0.0,alignmentY=0.5,border=javax.swing.plaf.BorderUIResource$CompoundBorderUIResource@180f9ef5,flags=296,maximumSize=,minimumSize=,preferredSize=,defaultIcon=javax.swing.ImageIcon@2ca48b5a,disabledIcon=,disabledSelectedIcon=,margin=javax.swing.plaf.InsetsUIResource[top=2,left=14,bottom=2,right=14],paintBorder=true,paintFocus=true,pressedIcon=,rolloverEnabled=true,rolloverIcon=,rolloverSelectedIcon=,selectedIcon=,text=,defaultCapable=true]
nov 19, 2023 10:50:10 A. M. java.awt.Component isMixingNeeded
DETALLADO: containing window = gui.VentanaPrincipal[frame5,150,40,1200x730,invalid,hidden,layout=java.awt.BorderLayout,title=GAO Market,resizable,normal,defaultCloseOperation=DISPOSE_ON_CLOSE,rootPane=javax.swing.JRootPane[,7,30,1186x693,invalid,layout=javax.swing.JRootPane$RootLayout,alignmentX=0.0,alignmentY=0.0,border=,flags=16777673,maximumSize=,minimumSize=,preferredSize=],rootPaneCheckingEnabled=true]; has h/w descendants = false; has l/w descendants = true; disposing = false
nov 19, 2023 10:50:10 A. M. java.awt.Container mixOnValidating
DETALLADO: this = javax.swing.JButton[,1050,60,125x60,alignmentX=0.0,alignmentY=0.5,border=javax.swing.plaf.BorderUIResource$CompoundBorderUIResource@180f9ef5,flags=296,maximumSize=,minimumSize=,preferredSize=,defaultIcon=javax.swing.ImageIcon@43f2c34e,disabledIcon=,disabledSelectedIcon=,margin=javax.swing.plaf.InsetsUIResource[top=2,left=14,bottom=2,right=14],paintBorder=true,paintFocus=true,pressedIcon=,rolloverEnabled=true,rolloverIcon=,rolloverSelectedIcon=,selectedIcon=,text=,defaultCapable=true]
nov 19, 2023 10:50:10 A. M. java.awt.Component isMixingNeeded
DETALLADO: containing window = gui.VentanaPrincipal[frame5,150,40,1200x730,invalid,hidden,layout=java.awt.BorderLayout,title=GAO Market,resizable,normal,defaultCloseOperation=DISPOSE_ON_CLOSE,rootPane=javax.swing.JRootPane[,7,30,1186x693,invalid,layout=javax.swing.JRootPane$RootLayout,alignmentX=0.0,alignmentY=0.0,border=,flags=16777673,maximumSize=,minimumSize=,preferredSize=],rootPaneCheckingEnabled=true]; has h/w descendants = false; has l/w descendants = true; disposing = false
nov 19, 2023 10:50:10 A. M. java.awt.Container mixOnValidating
DETALLADO: this = javax.swing.JLabel[,20,10,404x114,alignmentX=0.0,alignmentY=0.0,border=,flags=8388608,maximumSize=,minimumSize=,preferredSize=,defaultIcon=javax.swing.ImageIcon@419e90cd,disabledIcon=,horizontalAlignment=LEADING,horizontalTextPosition=TRAILING,iconTextGap=4,labelFor=,text=,verticalAlignment=CENTER,verticalTextPosition=CENTER]
nov 19, 2023 10:50:10 A. M. java.awt.Component isMixingNeeded
DETALLADO: containing window = gui.VentanaPrincipal[frame5,150,40,1200x730,invalid,hidden,layout=java.awt.BorderLayout,title=GAO Market,resizable,normal,defaultCloseOperation=DISPOSE_ON_CLOSE,rootPane=javax.swing.JRootPane[,7,30,1186x693,invalid,layout=javax.swing.JRootPane$RootLayout,alignmentX=0.0,alignmentY=0.0,border=,flags=16777673,maximumSize=,minimumSize=,preferredSize=],rootPaneCheckingEnabled=true]; has h/w descendants = false; has l/w descendants = true; disposing = false
nov 19, 2023 10:50:10 A. M. java.awt.Container mixOnValidating
DETALLADO: this = javax.swing.JLayeredPane[,0,0,1186x130,alignmentX=0.0,alignmentY=0.0,border=,flags=0,maximumSize=,minimumSize=,preferredSize=java.awt.Dimension[width=1200,height=130],optimizedDrawingPossible=true]
nov 19, 2023 10:50:10 A. M. java.awt.Component isMixingNeeded
DETALLADO: this = javax.swing.JLayeredPane[,0,0,1186x130,alignmentX=0.0,alignmentY=0.0,border=,flags=0,maximumSize=,minimumSize=,preferredSize=java.awt.Dimension[width=1200,height=130],optimizedDrawingPossible=true]; areBoundsValid = false
nov 19, 2023 10:50:10 A. M. java.awt.Container mixOnValidating
DETALLADO: this = javax.swing.JLayeredPane[,0,130,1186x563,alignmentX=0.0,alignmentY=0.0,border=,flags=16777224,maximumSize=,minimumSize=,preferredSize=java.awt.Dimension[width=1200,height=600],optimizedDrawingPossible=true]
nov 19, 2023 10:50:10 A. M. java.awt.Component isMixingNeeded
DETALLADO: this = javax.swing.JLayeredPane[,0,130,1186x563,alignmentX=0.0,alignmentY=0.0,border=,flags=16777224,maximumSize=,minimumSize=,preferredSize=java.awt.Dimension[width=1200,height=600],optimizedDrawingPossible=true]; areBoundsValid = false
nov 19, 2023 10:50:10 A. M. java.awt.Container mixOnValidating
DETALLADO: this = javax.swing.JPanel[null.contentPane,0,0,1186x693,layout=javax.swing.JRootPane$1,alignmentX=0.0,alignmentY=0.0,border=,flags=9,maximumSize=,minimumSize=,preferredSize=]
nov 19, 2023 10:50:10 A. M. java.awt.Component isMixingNeeded
DETALLADO: containing window = gui.VentanaPrincipal[frame5,150,40,1200x730,invalid,hidden,layout=java.awt.BorderLayout,title=GAO Market,resizable,normal,defaultCloseOperation=DISPOSE_ON_CLOSE,rootPane=javax.swing.JRootPane[,7,30,1186x693,invalid,layout=javax.swing.JRootPane$RootLayout,alignmentX=0.0,alignmentY=0.0,border=,flags=16777673,maximumSize=,minimumSize=,preferredSize=],rootPaneCheckingEnabled=true]; has h/w descendants = false; has l/w descendants = true; disposing = false
nov 19, 2023 10:50:10 A. M. java.awt.Container mixOnValidating
DETALLADO: this = javax.swing.JLayeredPane[null.layeredPane,0,0,1186x693,alignmentX=0.0,alignmentY=0.0,border=,flags=0,maximumSize=,minimumSize=,preferredSize=,optimizedDrawingPossible=true]
nov 19, 2023 10:50:10 A. M. java.awt.Component isMixingNeeded
DETALLADO: this = javax.swing.JLayeredPane[null.layeredPane,0,0,1186x693,alignmentX=0.0,alignmentY=0.0,border=,flags=0,maximumSize=,minimumSize=,preferredSize=,optimizedDrawingPossible=true]; areBoundsValid = false
nov 19, 2023 10:50:10 A. M. java.awt.Container mixOnValidating
DETALLADO: this = javax.swing.JRootPane[,7,30,1186x693,layout=javax.swing.JRootPane$RootLayout,alignmentX=0.0,alignmentY=0.0,border=,flags=16777673,maximumSize=,minimumSize=,preferredSize=]
nov 19, 2023 10:50:10 A. M. java.awt.Component isMixingNeeded
DETALLADO: this = javax.swing.JRootPane[,7,30,1186x693,layout=javax.swing.JRootPane$RootLayout,alignmentX=0.0,alignmentY=0.0,border=,flags=16777673,maximumSize=,minimumSize=,preferredSize=]; areBoundsValid = false
nov 19, 2023 10:50:10 A. M. java.awt.Container mixOnValidating
DETALLADO: this = gui.VentanaPrincipal[frame5,150,40,1200x730,hidden,layout=java.awt.BorderLayout,title=GAO Market,resizable,normal,defaultCloseOperation=DISPOSE_ON_CLOSE,rootPane=javax.swing.JRootPane[,7,30,1186x693,layout=javax.swing.JRootPane$RootLayout,alignmentX=0.0,alignmentY=0.0,border=,flags=16777673,maximumSize=,minimumSize=,preferredSize=],rootPaneCheckingEnabled=true]
nov 19, 2023 10:50:10 A. M. java.awt.Component isMixingNeeded
DETALLADO: containing window = gui.VentanaPrincipal[frame5,150,40,1200x730,hidden,layout=java.awt.BorderLayout,title=GAO Market,resizable,normal,defaultCloseOperation=DISPOSE_ON_CLOSE,rootPane=javax.swing.JRootPane[,7,30,1186x693,layout=javax.swing.JRootPane$RootLayout,alignmentX=0.0,alignmentY=0.0,border=,flags=16777673,maximumSize=,minimumSize=,preferredSize=],rootPaneCheckingEnabled=true]; has h/w descendants = false; has l/w descendants = true; disposing = false
nov 19, 2023 10:50:10 A. M. java.awt.Container mixOnShowing
DETALLADO: this = gui.VentanaPrincipal[frame5,150,40,1200x730,layout=java.awt.BorderLayout,title=GAO Market,resizable,normal,defaultCloseOperation=DISPOSE_ON_CLOSE,rootPane=javax.swing.JRootPane[,7,30,1186x693,layout=javax.swing.JRootPane$RootLayout,alignmentX=0.0,alignmentY=0.0,border=,flags=16777673,maximumSize=,minimumSize=,preferredSize=],rootPaneCheckingEnabled=true]
nov 19, 2023 10:50:10 A. M. java.awt.Component isMixingNeeded
DETALLADO: containing window = gui.VentanaPrincipal[frame5,150,40,1200x730,layout=java.awt.BorderLayout,title=GAO Market,resizable,normal,defaultCloseOperation=DISPOSE_ON_CLOSE,rootPane=javax.swing.JRootPane[,7,30,1186x693,layout=javax.swing.JRootPane$RootLayout,alignmentX=0.0,alignmentY=0.0,border=,flags=16777673,maximumSize=,minimumSize=,preferredSize=],rootPaneCheckingEnabled=true]; has h/w descendants = false; has l/w descendants = true; disposing = false
nov 19, 2023 10:50:10 A. M. java.awt.Container mixOnValidating
DETALLADO: this = gui.VentanaPrincipal[frame5,150,40,1200x730,layout=java.awt.BorderLayout,title=GAO Market,resizable,normal,defaultCloseOperation=DISPOSE_ON_CLOSE,rootPane=javax.swing.JRootPane[,7,30,1186x693,layout=javax.swing.JRootPane$RootLayout,alignmentX=0.0,alignmentY=0.0,border=,flags=16777673,maximumSize=,minimumSize=,preferredSize=],rootPaneCheckingEnabled=true]
nov 19, 2023 10:50:10 A. M. java.awt.Component isMixingNeeded
DETALLADO: containing window = gui.VentanaPrincipal[frame5,150,40,1200x730,layout=java.awt.BorderLayout,title=GAO Market,resizable,normal,defaultCloseOperation=DISPOSE_ON_CLOSE,rootPane=javax.swing.JRootPane[,7,30,1186x693,layout=javax.swing.JRootPane$RootLayout,alignmentX=0.0,alignmentY=0.0,border=,flags=16777673,maximumSize=,minimumSize=,preferredSize=],rootPaneCheckingEnabled=true]; has h/w descendants = false; has l/w descendants = true; disposing = false
nov 19, 2023 10:50:10 A. M. java.awt.DefaultKeyboardFocusManager dispatchEvent
DETALLADO: sun.awt.TimedWindowEvent[WINDOW_GAINED_FOCUS,opposite=null,oldState=0,newState=0] on frame5
nov 19, 2023 10:50:10 A. M. java.awt.DefaultKeyboardFocusManager dispatchEvent
DETALLADO: java.awt.event.WindowEvent[WINDOW_ACTIVATED,opposite=null,oldState=0,newState=0] on frame5
nov 19, 2023 10:50:10 A. M. javax.swing.SortingFocusTraversalPolicy getFirstComponent
DETALLADO: ### Getting first component in gui.VentanaPrincipal[frame5,150,40,1200x730,layout=java.awt.BorderLayout,title=GAO Market,resizable,normal,defaultCloseOperation=DISPOSE_ON_CLOSE,rootPane=javax.swing.JRootPane[,7,30,1186x693,layout=javax.swing.JRootPane$RootLayout,alignmentX=0.0,alignmentY=0.0,border=,flags=16777673,maximumSize=,minimumSize=,preferredSize=],rootPaneCheckingEnabled=true]
nov 19, 2023 10:50:10 A. M. javax.swing.SortingFocusTraversalPolicy getFirstComponent
DETALLADO: ### Cycle is [gui.VentanaPrincipal[frame5,150,40,1200x730,layout=java.awt.BorderLayout,title=GAO Market,resizable,normal,defaultCloseOperation=DISPOSE_ON_CLOSE,rootPane=javax.swing.JRootPane[,7,30,1186x693,layout=javax.swing.JRootPane$RootLayout,alignmentX=0.0,alignmentY=0.0,border=,flags=16777673,maximumSize=,minimumSize=,preferredSize=],rootPaneCheckingEnabled=true], javax.swing.JRootPane[,7,30,1186x693,layout=javax.swing.JRootPane$RootLayout,alignmentX=0.0,alignmentY=0.0,border=,flags=16777673,maximumSize=,minimumSize=,preferredSize=], javax.swing.JLayeredPane[null.layeredPane,0,0,1186x693,alignmentX=0.0,alignmentY=0.0,border=,flags=0,maximumSize=,minimumSize=,preferredSize=,optimizedDrawingPossible=true], javax.swing.JPanel[null.contentPane,0,0,1186x693,layout=javax.swing.JRootPane$1,alignmentX=0.0,alignmentY=0.0,border=,flags=9,maximumSize=,minimumSize=,preferredSize=], javax.swing.JLayeredPane[,0,0,1186x130,alignmentX=0.0,alignmentY=0.0,border=,flags=0,maximumSize=,minimumSize=,preferredSize=java.awt.Dimension[width=1200,height=130],optimizedDrawingPossible=true], javax.swing.JLabel[,20,10,404x114,alignmentX=0.0,alignmentY=0.0,border=,flags=8388608,maximumSize=,minimumSize=,preferredSize=,defaultIcon=javax.swing.ImageIcon@419e90cd,disabledIcon=,horizontalAlignment=LEADING,horizontalTextPosition=TRAILING,iconTextGap=4,labelFor=,text=,verticalAlignment=CENTER,verticalTextPosition=CENTER], javax.swing.JButton[,1060,6,45x45,alignmentX=0.0,alignmentY=0.5,border=javax.swing.plaf.BorderUIResource$CompoundBorderUIResource@180f9ef5,flags=296,maximumSize=,minimumSize=,preferredSize=,defaultIcon=javax.swing.ImageIcon@31489406,disabledIcon=,disabledSelectedIcon=,margin=javax.swing.plaf.InsetsUIResource[top=2,left=14,bottom=2,right=14],paintBorder=true,paintFocus=true,pressedIcon=,rolloverEnabled=true,rolloverIcon=,rolloverSelectedIcon=,selectedIcon=,text=,defaultCapable=true], javax.swing.JButton[,1120,6,45x45,alignmentX=0.0,alignmentY=0.5,border=javax.swing.plaf.BorderUIResource$CompoundBorderUIResource@180f9ef5,flags=296,maximumSize=,minimumSize=,preferredSize=,defaultIcon=javax.swing.ImageIcon@2ca48b5a,disabledIcon=,disabledSelectedIcon=,margin=javax.swing.plaf.InsetsUIResource[top=2,left=14,bottom=2,right=14],paintBorder=true,paintFocus=true,pressedIcon=,rolloverEnabled=true,rolloverIcon=,rolloverSelectedIcon=,selectedIcon=,text=,defaultCapable=true], javax.swing.JButton[,1050,60,125x60,alignmentX=0.0,alignmentY=0.5,border=javax.swing.plaf.BorderUIResource$CompoundBorderUIResource@180f9ef5,flags=296,maximumSize=,minimumSize=,preferredSize=,defaultIcon=javax.swing.ImageIcon@43f2c34e,disabledIcon=,disabledSelectedIcon=,margin=javax.swing.plaf.InsetsUIResource[top=2,left=14,bottom=2,right=14],paintBorder=true,paintFocus=true,pressedIcon=,rolloverEnabled=true,rolloverIcon=,rolloverSelectedIcon=,selectedIcon=,text=,defaultCapable=true], javax.swing.JTextField[,550,75,280x35,layout=javax.swing.plaf.basic.BasicTextUI$UpdateHandler,alignmentX=0.0,alignmentY=0.0,border=javax.swing.plaf.BorderUIResource$CompoundBorderUIResource@34a80e81,flags=296,maximumSize=,minimumSize=,preferredSize=,caretColor=sun.swing.PrintColorUIResource[r=51,g=51,b=51],disabledTextColor=javax.swing.plaf.ColorUIResource[r=184,g=207,b=229],editable=true,margin=javax.swing.plaf.InsetsUIResource[top=0,left=0,bottom=0,right=0],selectedTextColor=sun.swing.PrintColorUIResource[r=51,g=51,b=51],selectionColor=javax.swing.plaf.ColorUIResource[r=184,g=207,b=229],columns=20,columnWidth=0,command=,horizontalAlignment=LEADING], javax.swing.JLayeredPane[,0,130,1186x563,alignmentX=0.0,alignmentY=0.0,border=,flags=16777224,maximumSize=,minimumSize=,preferredSize=java.awt.Dimension[width=1200,height=600],optimizedDrawingPossible=true]]
nov 19, 2023 10:50:10 A. M. java.awt.Container mixOnValidating
DETALLADO: this = gui.VentanaPrincipal[frame5,150,40,1200x730,layout=java.awt.BorderLayout,title=GAO Market,resizable,normal,defaultCloseOperation=DISPOSE_ON_CLOSE,rootPane=javax.swing.JRootPane[,7,30,1186x693,layout=javax.swing.JRootPane$RootLayout,alignmentX=0.0,alignmentY=0.0,border=,flags=16777673,maximumSize=,minimumSize=,preferredSize=],rootPaneCheckingEnabled=true]
nov 19, 2023 10:50:10 A. M. java.awt.Component isMixingNeeded
DETALLADO: containing window = gui.VentanaPrincipal[frame5,150,40,1200x730,layout=java.awt.BorderLayout,title=GAO Market,resizable,normal,defaultCloseOperation=DISPOSE_ON_CLOSE,rootPane=javax.swing.JRootPane[,7,30,1186x693,layout=javax.swing.JRootPane$RootLayout,alignmentX=0.0,alignmentY=0.0,border=,flags=16777673,maximumSize=,minimumSize=,preferredSize=],rootPaneCheckingEnabled=true]; has h/w descendants = false; has l/w descendants = true; disposing = false
nov 19, 2023 10:50:10 A. M. java.awt.DefaultKeyboardFocusManager dispatchEvent
DETALLADO: java.awt.event.WindowEvent[WINDOW_OPENED,opposite=null,oldState=0,newState=0] on frame5
nov 19, 2023 10:50:10 A. M. java.awt.DefaultKeyboardFocusManager dispatchEvent
DETALLADO: java.awt.event.FocusEvent[FOCUS_GAINED,permanent,opposite=null,cause=ACTIVATION] on javax.swing.JButton[,1060,6,45x45,alignmentX=0.0,alignmentY=0.5,border=javax.swing.plaf.BorderUIResource$CompoundBorderUIResource@180f9ef5,flags=296,maximumSize=,minimumSize=,preferredSize=,defaultIcon=javax.swing.ImageIcon@31489406,disabledIcon=,disabledSelectedIcon=,margin=javax.swing.plaf.InsetsUIResource[top=2,left=14,bottom=2,right=14],paintBorder=true,paintFocus=true,pressedIcon=,rolloverEnabled=true,rolloverIcon=,rolloverSelectedIcon=,selectedIcon=,text=,defaultCapable=true]
nov 19, 2023 10:50:10 A. M. sun.awt.im.InputContext activateInputMethod
DETALLADO: Current client component javax.swing.JButton[,1060,6,45x45,alignmentX=0.0,alignmentY=0.5,border=javax.swing.plaf.BorderUIResource$CompoundBorderUIResource@180f9ef5,flags=296,maximumSize=,minimumSize=,preferredSize=,defaultIcon=javax.swing.ImageIcon@31489406,disabledIcon=,disabledSelectedIcon=,margin=javax.swing.plaf.InsetsUIResource[top=2,left=14,bottom=2,right=14],paintBorder=true,paintFocus=true,pressedIcon=,rolloverEnabled=true,rolloverIcon=,rolloverSelectedIcon=,selectedIcon=,text=,defaultCapable=true]
nov 19, 2023 10:50:11 A. M. java.awt.DefaultKeyboardFocusManager dispatchEvent
DETALLADO: sun.awt.TimedWindowEvent[WINDOW_CLOSING,opposite=null,oldState=0,newState=0] on frame5
nov 19, 2023 10:50:11 A. M. java.awt.Container mixOnHiding
DETALLADO: this = gui.VentanaPrincipal[frame5,150,40,1200x730,hidden,layout=java.awt.BorderLayout,title=GAO Market,resizable,normal,defaultCloseOperation=DISPOSE_ON_CLOSE,rootPane=javax.swing.JRootPane[,7,30,1186x693,layout=javax.swing.JRootPane$RootLayout,alignmentX=0.0,alignmentY=0.0,border=,flags=16777673,maximumSize=,minimumSize=,preferredSize=],rootPaneCheckingEnabled=true]; isLightweight=false
nov 19, 2023 10:50:11 A. M. java.awt.Component mixOnHiding
DETALLADO: this = gui.VentanaPrincipal[frame5,150,40,1200x730,hidden,layout=java.awt.BorderLayout,title=GAO Market,resizable,normal,defaultCloseOperation=DISPOSE_ON_CLOSE,rootPane=javax.swing.JRootPane[,7,30,1186x693,layout=javax.swing.JRootPane$RootLayout,alignmentX=0.0,alignmentY=0.0,border=,flags=16777673,maximumSize=,minimumSize=,preferredSize=],rootPaneCheckingEnabled=true]; isLightweight = false
nov 19, 2023 10:50:11 A. M. java.awt.Component isMixingNeeded
DETALLADO: containing window = gui.VentanaPrincipal[frame5,150,40,1200x730,hidden,layout=java.awt.BorderLayout,title=GAO Market,resizable,normal,defaultCloseOperation=DISPOSE_ON_CLOSE,rootPane=javax.swing.JRootPane[,7,30,1186x693,layout=javax.swing.JRootPane$RootLayout,alignmentX=0.0,alignmentY=0.0,border=,flags=16777673,maximumSize=,minimumSize=,preferredSize=],rootPaneCheckingEnabled=true]; has h/w descendants = false; has l/w descendants = true; disposing = true
nov 19, 2023 10:50:11 A. M. sun.awt.KeyboardFocusManagerPeerImpl clearGlobalFocusOwner
DETALLADO: Clearing global focus owner javax.swing.JButton[,1060,6,45x45,alignmentX=0.0,alignmentY=0.5,border=javax.swing.plaf.BorderUIResource$CompoundBorderUIResource@180f9ef5,flags=296,maximumSize=,minimumSize=,preferredSize=,defaultIcon=javax.swing.ImageIcon@31489406,disabledIcon=,disabledSelectedIcon=,margin=javax.swing.plaf.InsetsUIResource[top=2,left=14,bottom=2,right=14],paintBorder=true,paintFocus=true,pressedIcon=,rolloverEnabled=true,rolloverIcon=,rolloverSelectedIcon=,selectedIcon=,text=,defaultCapable=true]
nov 19, 2023 10:50:11 A. M. java.awt.Container mixOnHiding
DETALLADO: this = javax.swing.JLayeredPane[,0,130,1186x563,invalid,alignmentX=0.0,alignmentY=0.0,border=,flags=16777224,maximumSize=,minimumSize=,preferredSize=java.awt.Dimension[width=1200,height=600],optimizedDrawingPossible=true]; isLightweight=true
nov 19, 2023 10:50:11 A. M. java.awt.Component mixOnHiding
DETALLADO: this = javax.swing.JLayeredPane[,0,130,1186x563,invalid,alignmentX=0.0,alignmentY=0.0,border=,flags=16777224,maximumSize=,minimumSize=,preferredSize=java.awt.Dimension[width=1200,height=600],optimizedDrawingPossible=true]; isLightweight = true
nov 19, 2023 10:50:11 A. M. java.awt.Component isMixingNeeded
DETALLADO: containing window = gui.VentanaPrincipal[frame5,150,40,1200x730,hidden,layout=java.awt.BorderLayout,title=GAO Market,resizable,normal,defaultCloseOperation=DISPOSE_ON_CLOSE,rootPane=javax.swing.JRootPane[,7,30,1186x693,layout=javax.swing.JRootPane$RootLayout,alignmentX=0.0,alignmentY=0.0,border=,flags=16777673,maximumSize=,minimumSize=,preferredSize=],rootPaneCheckingEnabled=true]; has h/w descendants = false; has l/w descendants = true; disposing = true
nov 19, 2023 10:50:11 A. M. java.awt.Container mixOnHiding
DETALLADO: this = javax.swing.JLabel[,20,10,404x114,invalid,alignmentX=0.0,alignmentY=0.0,border=,flags=8388608,maximumSize=,minimumSize=,preferredSize=,defaultIcon=javax.swing.ImageIcon@419e90cd,disabledIcon=,horizontalAlignment=LEADING,horizontalTextPosition=TRAILING,iconTextGap=4,labelFor=,text=,verticalAlignment=CENTER,verticalTextPosition=CENTER]; isLightweight=true
nov 19, 2023 10:50:11 A. M. java.awt.Component mixOnHiding
DETALLADO: this = javax.swing.JLabel[,20,10,404x114,invalid,alignmentX=0.0,alignmentY=0.0,border=,flags=8388608,maximumSize=,minimumSize=,preferredSize=,defaultIcon=javax.swing.ImageIcon@419e90cd,disabledIcon=,horizontalAlignment=LEADING,horizontalTextPosition=TRAILING,iconTextGap=4,labelFor=,text=,verticalAlignment=CENTER,verticalTextPosition=CENTER]; isLightweight = true
nov 19, 2023 10:50:11 A. M. java.awt.Component isMixingNeeded
DETALLADO: containing window = gui.VentanaPrincipal[frame5,150,40,1200x730,hidden,layout=java.awt.BorderLayout,title=GAO Market,resizable,normal,defaultCloseOperation=DISPOSE_ON_CLOSE,rootPane=javax.swing.JRootPane[,7,30,1186x693,layout=javax.swing.JRootPane$RootLayout,alignmentX=0.0,alignmentY=0.0,border=,flags=16777673,maximumSize=,minimumSize=,preferredSize=],rootPaneCheckingEnabled=true]; has h/w descendants = false; has l/w descendants = true; disposing = true
nov 19, 2023 10:50:11 A. M. java.awt.Container mixOnHiding
DETALLADO: this = javax.swing.JButton[,1050,60,125x60,invalid,alignmentX=0.0,alignmentY=0.5,border=javax.swing.plaf.BorderUIResource$CompoundBorderUIResource@180f9ef5,flags=296,maximumSize=,minimumSize=,preferredSize=,defaultIcon=javax.swing.ImageIcon@43f2c34e,disabledIcon=,disabledSelectedIcon=,margin=javax.swing.plaf.InsetsUIResource[top=2,left=14,bottom=2,right=14],paintBorder=true,paintFocus=true,pressedIcon=,rolloverEnabled=true,rolloverIcon=,rolloverSelectedIcon=,selectedIcon=,text=,defaultCapable=true]; isLightweight=true
nov 19, 2023 10:50:11 A. M. java.awt.Component mixOnHiding
DETALLADO: this = javax.swing.JButton[,1050,60,125x60,invalid,alignmentX=0.0,alignmentY=0.5,border=javax.swing.plaf.BorderUIResource$CompoundBorderUIResource@180f9ef5,flags=296,maximumSize=,minimumSize=,preferredSize=,defaultIcon=javax.swing.ImageIcon@43f2c34e,disabledIcon=,disabledSelectedIcon=,margin=javax.swing.plaf.InsetsUIResource[top=2,left=14,bottom=2,right=14],paintBorder=true,paintFocus=true,pressedIcon=,rolloverEnabled=true,rolloverIcon=,rolloverSelectedIcon=,selectedIcon=,text=,defaultCapable=true]; isLightweight = true
nov 19, 2023 10:50:11 A. M. java.awt.Component isMixingNeeded
DETALLADO: containing window = gui.VentanaPrincipal[frame5,150,40,1200x730,hidden,layout=java.awt.BorderLayout,title=GAO Market,resizable,normal,defaultCloseOperation=DISPOSE_ON_CLOSE,rootPane=javax.swing.JRootPane[,7,30,1186x693,layout=javax.swing.JRootPane$RootLayout,alignmentX=0.0,alignmentY=0.0,border=,flags=16777673,maximumSize=,minimumSize=,preferredSize=],rootPaneCheckingEnabled=true]; has h/w descendants = false; has l/w descendants = true; disposing = true
nov 19, 2023 10:50:11 A. M. java.awt.Container mixOnHiding
DETALLADO: this = javax.swing.JButton[,1120,6,45x45,invalid,alignmentX=0.0,alignmentY=0.5,border=javax.swing.plaf.BorderUIResource$CompoundBorderUIResource@180f9ef5,flags=296,maximumSize=,minimumSize=,preferredSize=,defaultIcon=javax.swing.ImageIcon@2ca48b5a,disabledIcon=,disabledSelectedIcon=,margin=javax.swing.plaf.InsetsUIResource[top=2,left=14,bottom=2,right=14],paintBorder=true,paintFocus=true,pressedIcon=,rolloverEnabled=true,rolloverIcon=,rolloverSelectedIcon=,selectedIcon=,text=,defaultCapable=true]; isLightweight=true
nov 19, 2023 10:50:11 A. M. java.awt.Component mixOnHiding
DETALLADO: this = javax.swing.JButton[,1120,6,45x45,invalid,alignmentX=0.0,alignmentY=0.5,border=javax.swing.plaf.BorderUIResource$CompoundBorderUIResource@180f9ef5,flags=296,maximumSize=,minimumSize=,preferredSize=,defaultIcon=javax.swing.ImageIcon@2ca48b5a,disabledIcon=,disabledSelectedIcon=,margin=javax.swing.plaf.InsetsUIResource[top=2,left=14,bottom=2,right=14],paintBorder=true,paintFocus=true,pressedIcon=,rolloverEnabled=true,rolloverIcon=,rolloverSelectedIcon=,selectedIcon=,text=,defaultCapable=true]; isLightweight = true
nov 19, 2023 10:50:11 A. M. java.awt.Component isMixingNeeded
DETALLADO: containing window = gui.VentanaPrincipal[frame5,150,40,1200x730,hidden,layout=java.awt.BorderLayout,title=GAO Market,resizable,normal,defaultCloseOperation=DISPOSE_ON_CLOSE,rootPane=javax.swing.JRootPane[,7,30,1186x693,layout=javax.swing.JRootPane$RootLayout,alignmentX=0.0,alignmentY=0.0,border=,flags=16777673,maximumSize=,minimumSize=,preferredSize=],rootPaneCheckingEnabled=true]; has h/w descendants = false; has l/w descendants = true; disposing = true
nov 19, 2023 10:50:11 A. M. java.awt.Container mixOnHiding
DETALLADO: this = javax.swing.JButton[,1060,6,45x45,invalid,alignmentX=0.0,alignmentY=0.5,border=javax.swing.plaf.BorderUIResource$CompoundBorderUIResource@180f9ef5,flags=296,maximumSize=,minimumSize=,preferredSize=,defaultIcon=javax.swing.ImageIcon@31489406,disabledIcon=,disabledSelectedIcon=,margin=javax.swing.plaf.InsetsUIResource[top=2,left=14,bottom=2,right=14],paintBorder=true,paintFocus=true,pressedIcon=,rolloverEnabled=true,rolloverIcon=,rolloverSelectedIcon=,selectedIcon=,text=,defaultCapable=true]; isLightweight=true
nov 19, 2023 10:50:11 A. M. java.awt.Component mixOnHiding
DETALLADO: this = javax.swing.JButton[,1060,6,45x45,invalid,alignmentX=0.0,alignmentY=0.5,border=javax.swing.plaf.BorderUIResource$CompoundBorderUIResource@180f9ef5,flags=296,maximumSize=,minimumSize=,preferredSize=,defaultIcon=javax.swing.ImageIcon@31489406,disabledIcon=,disabledSelectedIcon=,margin=javax.swing.plaf.InsetsUIResource[top=2,left=14,bottom=2,right=14],paintBorder=true,paintFocus=true,pressedIcon=,rolloverEnabled=true,rolloverIcon=,rolloverSelectedIcon=,selectedIcon=,text=,defaultCapable=true]; isLightweight = true
nov 19, 2023 10:50:11 A. M. java.awt.Component isMixingNeeded
DETALLADO: containing window = gui.VentanaPrincipal[frame5,150,40,1200x730,hidden,layout=java.awt.BorderLayout,title=GAO Market,resizable,normal,defaultCloseOperation=DISPOSE_ON_CLOSE,rootPane=javax.swing.JRootPane[,7,30,1186x693,layout=javax.swing.JRootPane$RootLayout,alignmentX=0.0,alignmentY=0.0,border=,flags=16777673,maximumSize=,minimumSize=,preferredSize=],rootPaneCheckingEnabled=true]; has h/w descendants = false; has l/w descendants = true; disposing = true
nov 19, 2023 10:50:11 A. M. java.awt.Container mixOnHiding
DETALLADO: this = javax.swing.JTextField[,550,75,280x35,invalid,layout=javax.swing.plaf.basic.BasicTextUI$UpdateHandler,alignmentX=0.0,alignmentY=0.0,border=javax.swing.plaf.BorderUIResource$CompoundBorderUIResource@34a80e81,flags=296,maximumSize=,minimumSize=,preferredSize=,caretColor=sun.swing.PrintColorUIResource[r=51,g=51,b=51],disabledTextColor=javax.swing.plaf.ColorUIResource[r=184,g=207,b=229],editable=true,margin=javax.swing.plaf.InsetsUIResource[top=0,left=0,bottom=0,right=0],selectedTextColor=sun.swing.PrintColorUIResource[r=51,g=51,b=51],selectionColor=javax.swing.plaf.ColorUIResource[r=184,g=207,b=229],columns=20,columnWidth=0,command=,horizontalAlignment=LEADING]; isLightweight=true
nov 19, 2023 10:50:11 A. M. java.awt.Component mixOnHiding
DETALLADO: this = javax.swing.JTextField[,550,75,280x35,invalid,layout=javax.swing.plaf.basic.BasicTextUI$UpdateHandler,alignmentX=0.0,alignmentY=0.0,border=javax.swing.plaf.BorderUIResource$CompoundBorderUIResource@34a80e81,flags=296,maximumSize=,minimumSize=,preferredSize=,caretColor=sun.swing.PrintColorUIResource[r=51,g=51,b=51],disabledTextColor=javax.swing.plaf.ColorUIResource[r=184,g=207,b=229],editable=true,margin=javax.swing.plaf.InsetsUIResource[top=0,left=0,bottom=0,right=0],selectedTextColor=sun.swing.PrintColorUIResource[r=51,g=51,b=51],selectionColor=javax.swing.plaf.ColorUIResource[r=184,g=207,b=229],columns=20,columnWidth=0,command=,horizontalAlignment=LEADING]; isLightweight = true
nov 19, 2023 10:50:11 A. M. java.awt.Component isMixingNeeded
DETALLADO: containing window = gui.VentanaPrincipal[frame5,150,40,1200x730,hidden,layout=java.awt.BorderLayout,title=GAO Market,resizable,normal,defaultCloseOperation=DISPOSE_ON_CLOSE,rootPane=javax.swing.JRootPane[,7,30,1186x693,layout=javax.swing.JRootPane$RootLayout,alignmentX=0.0,alignmentY=0.0,border=,flags=16777673,maximumSize=,minimumSize=,preferredSize=],rootPaneCheckingEnabled=true]; has h/w descendants = false; has l/w descendants = true; disposing = true
nov 19, 2023 10:50:11 A. M. java.awt.Container mixOnHiding
DETALLADO: this = javax.swing.JLayeredPane[,0,0,1186x130,invalid,alignmentX=0.0,alignmentY=0.0,border=,flags=0,maximumSize=,minimumSize=,preferredSize=java.awt.Dimension[width=1200,height=130],optimizedDrawingPossible=true]; isLightweight=true
nov 19, 2023 10:50:11 A. M. java.awt.Component mixOnHiding
DETALLADO: this = javax.swing.JLayeredPane[,0,0,1186x130,invalid,alignmentX=0.0,alignmentY=0.0,border=,flags=0,maximumSize=,minimumSize=,preferredSize=java.awt.Dimension[width=1200,height=130],optimizedDrawingPossible=true]; isLightweight = true
nov 19, 2023 10:50:11 A. M. java.awt.Component isMixingNeeded
DETALLADO: containing window = gui.VentanaPrincipal[frame5,150,40,1200x730,hidden,layout=java.awt.BorderLayout,title=GAO Market,resizable,normal,defaultCloseOperation=DISPOSE_ON_CLOSE,rootPane=javax.swing.JRootPane[,7,30,1186x693,layout=javax.swing.JRootPane$RootLayout,alignmentX=0.0,alignmentY=0.0,border=,flags=16777673,maximumSize=,minimumSize=,preferredSize=],rootPaneCheckingEnabled=true]; has h/w descendants = false; has l/w descendants = true; disposing = true
nov 19, 2023 10:50:11 A. M. java.awt.Container mixOnHiding
DETALLADO: this = javax.swing.JPanel[null.contentPane,0,0,1186x693,invalid,layout=javax.swing.JRootPane$1,alignmentX=0.0,alignmentY=0.0,border=,flags=9,maximumSize=,minimumSize=,preferredSize=]; isLightweight=true
nov 19, 2023 10:50:11 A. M. java.awt.Component mixOnHiding
DETALLADO: this = javax.swing.JPanel[null.contentPane,0,0,1186x693,invalid,layout=javax.swing.JRootPane$1,alignmentX=0.0,alignmentY=0.0,border=,flags=9,maximumSize=,minimumSize=,preferredSize=]; isLightweight = true
nov 19, 2023 10:50:11 A. M. java.awt.Component isMixingNeeded
DETALLADO: containing window = gui.VentanaPrincipal[frame5,150,40,1200x730,hidden,layout=java.awt.BorderLayout,title=GAO Market,resizable,normal,defaultCloseOperation=DISPOSE_ON_CLOSE,rootPane=javax.swing.JRootPane[,7,30,1186x693,layout=javax.swing.JRootPane$RootLayout,alignmentX=0.0,alignmentY=0.0,border=,flags=16777673,maximumSize=,minimumSize=,preferredSize=],rootPaneCheckingEnabled=true]; has h/w descendants = false; has l/w descendants = true; disposing = true
nov 19, 2023 10:50:11 A. M. java.awt.Container mixOnHiding
DETALLADO: this = javax.swing.JLayeredPane[null.layeredPane,0,0,1186x693,invalid,alignmentX=0.0,alignmentY=0.0,border=,flags=0,maximumSize=,minimumSize=,preferredSize=,optimizedDrawingPossible=true]; isLightweight=true
nov 19, 2023 10:50:11 A. M. java.awt.Component mixOnHiding
DETALLADO: this = javax.swing.JLayeredPane[null.layeredPane,0,0,1186x693,invalid,alignmentX=0.0,alignmentY=0.0,border=,flags=0,maximumSize=,minimumSize=,preferredSize=,optimizedDrawingPossible=true]; isLightweight = true
nov 19, 2023 10:50:11 A. M. java.awt.Component isMixingNeeded
DETALLADO: containing window = gui.VentanaPrincipal[frame5,150,40,1200x730,hidden,layout=java.awt.BorderLayout,title=GAO Market,resizable,normal,defaultCloseOperation=DISPOSE_ON_CLOSE,rootPane=javax.swing.JRootPane[,7,30,1186x693,layout=javax.swing.JRootPane$RootLayout,alignmentX=0.0,alignmentY=0.0,border=,flags=16777673,maximumSize=,minimumSize=,preferredSize=],rootPaneCheckingEnabled=true]; has h/w descendants = false; has l/w descendants = true; disposing = true
nov 19, 2023 10:50:11 A. M. java.awt.Container mixOnHiding
DETALLADO: this = javax.swing.JPanel[null.glassPane,0,0,1186x693,invalid,hidden,layout=java.awt.FlowLayout,alignmentX=0.0,alignmentY=0.0,border=,flags=16777217,maximumSize=,minimumSize=,preferredSize=]; isLightweight=true
nov 19, 2023 10:50:11 A. M. java.awt.Component mixOnHiding
DETALLADO: this = javax.swing.JPanel[null.glassPane,0,0,1186x693,invalid,hidden,layout=java.awt.FlowLayout,alignmentX=0.0,alignmentY=0.0,border=,flags=16777217,maximumSize=,minimumSize=,preferredSize=]; isLightweight = true
nov 19, 2023 10:50:11 A. M. java.awt.Component isMixingNeeded
DETALLADO: containing window = gui.VentanaPrincipal[frame5,150,40,1200x730,hidden,layout=java.awt.BorderLayout,title=GAO Market,resizable,normal,defaultCloseOperation=DISPOSE_ON_CLOSE,rootPane=javax.swing.JRootPane[,7,30,1186x693,layout=javax.swing.JRootPane$RootLayout,alignmentX=0.0,alignmentY=0.0,border=,flags=16777673,maximumSize=,minimumSize=,preferredSize=],rootPaneCheckingEnabled=true]; has h/w descendants = false; has l/w descendants = true; disposing = true
nov 19, 2023 10:50:11 A. M. java.awt.Container mixOnHiding
DETALLADO: this = javax.swing.JRootPane[,7,30,1186x693,invalid,layout=javax.swing.JRootPane$RootLayout,alignmentX=0.0,alignmentY=0.0,border=,flags=16777673,maximumSize=,minimumSize=,preferredSize=]; isLightweight=true
nov 19, 2023 10:50:12 A. M. java.awt.Component mixOnHiding
DETALLADO: this = javax.swing.JRootPane[,7,30,1186x693,invalid,layout=javax.swing.JRootPane$RootLayout,alignmentX=0.0,alignmentY=0.0,border=,flags=16777673,maximumSize=,minimumSize=,preferredSize=]; isLightweight = true
nov 19, 2023 10:50:12 A. M. java.awt.Component isMixingNeeded
DETALLADO: containing window = gui.VentanaPrincipal[frame5,150,40,1200x730,hidden,layout=java.awt.BorderLayout,title=GAO Market,resizable,normal,defaultCloseOperation=DISPOSE_ON_CLOSE,rootPane=javax.swing.JRootPane[,7,30,1186x693,invalid,layout=javax.swing.JRootPane$RootLayout,alignmentX=0.0,alignmentY=0.0,border=,flags=16777673,maximumSize=,minimumSize=,preferredSize=],rootPaneCheckingEnabled=true]; has h/w descendants = false; has l/w descendants = false; disposing = true
nov 19, 2023 10:50:12 A. M. java.awt.Container mixOnHiding
DETALLADO: this = gui.VentanaPrincipal[frame5,150,40,1200x730,invalid,hidden,layout=java.awt.BorderLayout,title=GAO Market,resizable,normal,defaultCloseOperation=DISPOSE_ON_CLOSE,rootPane=javax.swing.JRootPane[,7,30,1186x693,invalid,layout=javax.swing.JRootPane$RootLayout,alignmentX=0.0,alignmentY=0.0,border=,flags=16777673,maximumSize=,minimumSize=,preferredSize=],rootPaneCheckingEnabled=true]; isLightweight=false
nov 19, 2023 10:50:12 A. M. java.awt.Component mixOnHiding
DETALLADO: this = gui.VentanaPrincipal[frame5,150,40,1200x730,invalid,hidden,layout=java.awt.BorderLayout,title=GAO Market,resizable,normal,defaultCloseOperation=DISPOSE_ON_CLOSE,rootPane=javax.swing.JRootPane[,7,30,1186x693,invalid,layout=javax.swing.JRootPane$RootLayout,alignmentX=0.0,alignmentY=0.0,border=,flags=16777673,maximumSize=,minimumSize=,preferredSize=],rootPaneCheckingEnabled=true]; isLightweight = false
nov 19, 2023 10:50:12 A. M. java.awt.Component isMixingNeeded
DETALLADO: containing window = gui.VentanaPrincipal[frame5,150,40,1200x730,invalid,hidden,layout=java.awt.BorderLayout,title=GAO Market,resizable,normal,defaultCloseOperation=DISPOSE_ON_CLOSE,rootPane=javax.swing.JRootPane[,7,30,1186x693,invalid,layout=javax.swing.JRootPane$RootLayout,alignmentX=0.0,alignmentY=0.0,border=,flags=16777673,maximumSize=,minimumSize=,preferredSize=],rootPaneCheckingEnabled=true]; has h/w descendants = false; has l/w descendants = false; disposing = true
nov 19, 2023 10:50:12 A. M. java.awt.DefaultKeyboardFocusManager dispatchEvent
DETALLADO: java.awt.event.FocusEvent[FOCUS_LOST,permanent,opposite=null,cause=CLEAR_GLOBAL_FOCUS_OWNER] on javax.swing.JButton[,1060,6,45x45,invalid,alignmentX=0.0,alignmentY=0.5,border=javax.swing.plaf.BorderUIResource$CompoundBorderUIResource@180f9ef5,flags=296,maximumSize=,minimumSize=,preferredSize=,defaultIcon=javax.swing.ImageIcon@31489406,disabledIcon=,disabledSelectedIcon=,margin=javax.swing.plaf.InsetsUIResource[top=2,left=14,bottom=2,right=14],paintBorder=true,paintFocus=true,pressedIcon=,rolloverEnabled=true,rolloverIcon=,rolloverSelectedIcon=,selectedIcon=,text=,defaultCapable=true]
nov 19, 2023 10:50:12 A. M. java.awt.DefaultKeyboardFocusManager dispatchEvent
DETALLADO: sun.awt.TimedWindowEvent[WINDOW_LOST_FOCUS,opposite=null,oldState=0,newState=0] on frame5
nov 19, 2023 10:50:12 A. M. java.awt.DefaultKeyboardFocusManager dispatchEvent
DETALLADO: Active gui.VentanaPrincipal[frame5,150,40,1200x730,invalid,hidden,layout=java.awt.BorderLayout,title=GAO Market,resizable,normal,defaultCloseOperation=DISPOSE_ON_CLOSE,rootPane=javax.swing.JRootPane[,7,30,1186x693,invalid,layout=javax.swing.JRootPane$RootLayout,alignmentX=0.0,alignmentY=0.0,border=,flags=16777673,maximumSize=,minimumSize=,preferredSize=],rootPaneCheckingEnabled=true], Current focused gui.VentanaPrincipal[frame5,150,40,1200x730,invalid,hidden,layout=java.awt.BorderLayout,title=GAO Market,resizable,normal,defaultCloseOperation=DISPOSE_ON_CLOSE,rootPane=javax.swing.JRootPane[,7,30,1186x693,invalid,layout=javax.swing.JRootPane$RootLayout,alignmentX=0.0,alignmentY=0.0,border=,flags=16777673,maximumSize=,minimumSize=,preferredSize=],rootPaneCheckingEnabled=true], losing focus gui.VentanaPrincipal[frame5,150,40,1200x730,invalid,hidden,layout=java.awt.BorderLayout,title=GAO Market,resizable,normal,defaultCloseOperation=DISPOSE_ON_CLOSE,rootPane=javax.swing.JRootPane[,7,30,1186x693,invalid,layout=javax.swing.JRootPane$RootLayout,alignmentX=0.0,alignmentY=0.0,border=,flags=16777673,maximumSize=,minimumSize=,preferredSize=],rootPaneCheckingEnabled=true] opposite null
nov 19, 2023 10:50:12 A. M. java.awt.DefaultKeyboardFocusManager dispatchEvent
DETALLADO: java.awt.event.WindowEvent[WINDOW_DEACTIVATED,opposite=null,oldState=0,newState=0] on frame5
nov 19, 2023 10:50:12 A. M. java.awt.DefaultKeyboardFocusManager dispatchEvent
DETALLADO: java.awt.event.WindowEvent[WINDOW_CLOSED,opposite=null,oldState=0,newState=0] on frame5
